[debug] [2024-08-25T20:41:52.162Z] ----------------------------------------------------------------------
[debug] [2024-08-25T20:41:52.165Z] Command:       /usr/local/bin/node /opt/homebrew/bin/firebase init
[debug] [2024-08-25T20:41:52.165Z] CLI Version:   13.15.4
[debug] [2024-08-25T20:41:52.166Z] Platform:      darwin
[debug] [2024-08-25T20:41:52.166Z] Node Version:  v20.12.1
[debug] [2024-08-25T20:41:52.166Z] Time:          Mon Aug 26 2024 02:41:52 GMT+0600 (Bangladesh Standard Time)
[debug] [2024-08-25T20:41:52.166Z] ----------------------------------------------------------------------
[debug] 
[debug] [2024-08-25T20:41:52.174Z] > command requires scopes: ["email","openid","https://www.googleapis.com/auth/cloudplatformprojects.readonly","https://www.googleapis.com/auth/firebase","https://www.googleapis.com/auth/cloud-platform"]
[debug] [2024-08-25T20:41:52.174Z] > authorizing via signed-in user (mzmoyeen@gmail.com)
[info] 
     ######## #### ########  ######## ########     ###     ######  ########
     ##        ##  ##     ## ##       ##     ##  ##   ##  ##       ##
     ######    ##  ########  ######   ########  #########  ######  ######
     ##        ##  ##    ##  ##       ##     ## ##     ##       ## ##
     ##       #### ##     ## ######## ########  ##     ##  ######  ########

You're about to initialize a Firebase project in this directory:

  /Users/mahfuzmoyeen/WorkPlace/Personal/React/doctor-protal

[debug] [2024-08-25T20:42:23.871Z] Error: Timed out.
    at Timeout._onTimeout (/Users/mahfuzmoyeen/.config/yarn/global/node_modules/firebase-tools/lib/utils.js:268:49)
    at listOnTimeout (node:internal/timers:573:17)
    at process.processTimers (node:internal/timers:514:7)
[error] 
[error] Error: An unexpected error has occurred.
